\BOOKMARK [0][-]{section*.1}{\376\377\000D\000e\000c\000l\000a\000r\000a\000t\000i\000o\000n\000\040\000o\000f\000\040\000A\000u\000t\000h\000o\000r\000s\000h\000i\000p}{}% 1
\BOOKMARK [0][-]{section*.2}{\376\377\000A\000b\000s\000t\000r\000a\000c\000t}{}% 2
\BOOKMARK [0][-]{section*.3}{\376\377\000A\000c\000k\000n\000o\000w\000l\000e\000d\000g\000e\000m\000e\000n\000t\000s}{}% 3
\BOOKMARK [0][-]{chapter.7}{\376\377\000T\000h\000e\000o\000r\000e\000t\000i\000c\000a\000l\000\040\000B\000a\000c\000k\000g\000r\000o\000u\000n\000d}{}% 4
\BOOKMARK [1][-]{section.8}{\376\377\000I\000n\000t\000r\000o\000d\000u\000c\000t\000i\000o\000n}{chapter.7}% 5
\BOOKMARK [1][-]{section.9}{\376\377\000F\000u\000n\000d\000a\000m\000e\000n\000t\000a\000l\000\040\000C\000o\000n\000c\000e\000p\000t\000s}{chapter.7}% 6
\BOOKMARK [2][-]{subsection.10}{\376\377\000A\000b\000o\000u\000t\000\040\000D\000r\000o\000u\000g\000h\000t}{section.9}% 7
\BOOKMARK [2][-]{subsection.13}{\376\377\000W\000a\000t\000e\000r\000\040\000S\000c\000a\000r\000c\000i\000t\000y}{section.9}% 8
\BOOKMARK [2][-]{subsection.14}{\376\377\000W\000a\000t\000e\000r\000\040\000Q\000u\000a\000l\000i\000t\000y\000\040\000\046\000\040\000A\000c\000c\000e\000s\000s}{section.9}% 9
\BOOKMARK [2][-]{subsection.15}{\376\377\000I\000n\000d\000i\000c\000a\000t\000o\000r\000s\000\040\000\046\000\040\000I\000n\000d\000i\000c\000e\000s}{section.9}% 10
\BOOKMARK [1][-]{section.16}{\376\377\000F\000o\000r\000e\000c\000a\000s\000t\000\040\000b\000a\000s\000e\000d\000\040\000F\000i\000n\000a\000n\000c\000i\000n\000g}{chapter.7}% 11
\BOOKMARK [2][-]{subsection.19}{\376\377\000E\000a\000r\000l\000y\000\040\000A\000c\000t\000i\000o\000n\000\040\000P\000r\000o\000t\000o\000c\000o\000l}{section.16}% 12
\BOOKMARK [2][-]{subsection.21}{\376\377\000F\000o\000r\000e\000c\000a\000s\000t\000\040\000S\000e\000l\000e\000c\000t\000i\000o\000n}{section.16}% 13
\BOOKMARK [2][-]{subsection.22}{\376\377\000T\000r\000i\000g\000g\000e\000r\000\040\000D\000e\000f\000i\000n\000i\000t\000i\000o\000n}{section.16}% 14
\BOOKMARK [2][-]{subsection.24}{\376\377\000A\000n\000t\000i\000c\000i\000p\000a\000t\000o\000r\000y\000\040\000A\000c\000t\000i\000o\000n\000s}{section.16}% 15
\BOOKMARK [1][-]{section.25}{\376\377\000C\000i\000t\000i\000z\000e\000n\000\040\000S\000c\000i\000e\000n\000c\000e}{chapter.7}% 16
\BOOKMARK [2][-]{subsection.26}{\376\377\000C\000o\000m\000m\000u\000n\000i\000t\000y\000-\000B\000a\000s\000e\000d\000\040\000M\000o\000n\000i\000t\000o\000r\000i\000n\000g\000\040\000\050\000C\000B\000M\000\051}{section.25}% 17
\BOOKMARK [2][-]{subsection.27}{\376\377\000M\000o\000b\000i\000l\000e\000\040\000C\000r\000o\000w\000d\000s\000e\000n\000s\000i\000n\000g\000\040\000\050\000M\000C\000S\000\051}{section.25}% 18
\BOOKMARK [2][-]{subsection.28}{\376\377\000E\000x\000a\000m\000p\000l\000e\000s\000\040\000o\000f\000\040\000C\000B\000M\000\040\000a\000n\000d\000\040\000M\000C\000S}{section.25}% 19
\BOOKMARK [1][-]{section.35}{\376\377\000C\000a\000s\000e\000\040\000S\000t\000u\000d\000y\000\040\000S\000o\000m\000a\000l\000i\000l\000a\000n\000d}{chapter.7}% 20
\BOOKMARK [2][-]{subsection.36}{\376\377\000G\000e\000o\000g\000r\000a\000p\000h\000y\000\040\000\046\000\040\000C\000l\000i\000m\000a\000t\000e}{section.35}% 21
\BOOKMARK [2][-]{subsection.37}{\376\377\000W\000a\000t\000e\000r\000\040\000S\000o\000u\000r\000c\000e\000s}{section.35}% 22
\BOOKMARK [2][-]{subsection.38}{\376\377\000P\000o\000l\000i\000t\000i\000c\000a\000l\000\040\000\046\000\040\000S\000o\000c\000i\000a\000l\000\040\000A\000f\000f\000a\000i\000r\000s}{section.35}% 23
\BOOKMARK [2][-]{subsection.39}{\376\377\000H\000a\000z\000a\000r\000d\000s\000\040\000\046\000\040\000R\000i\000s\000k\000s}{section.35}% 24
\BOOKMARK [2][-]{subsection.40}{\376\377\000P\000r\000e\000v\000e\000n\000t\000i\000v\000e\000\040\000M\000e\000a\000s\000u\000r\000e\000m\000e\000n\000t\000s}{section.35}% 25
\BOOKMARK [1][-]{section.41}{\376\377\000L\000i\000t\000e\000r\000a\000t\000u\000r\000e\000\040\000S\000u\000m\000m\000a\000r\000y}{chapter.7}% 26
\BOOKMARK [0][-]{chapter*.42}{\376\377\000B\000i\000b\000l\000i\000o\000g\000r\000a\000p\000h\000y}{}% 27
